

Microchip MPLAB XC8 Assembler V2.40 build 20220703182018 
                                                                                               Wed Jan 21 10:37:11 2026

Microchip MPLAB XC8 C Compiler v2.40 (Free license) build 20220703182018 Og1 
     1                           	processor	16F887
     2                           	pagewidth 120
     3                           	opt	flic
     4                           	psect	cinit,global,class=CODE,merge=1,delta=2
     5                           	psect	cstackCOMMON,global,class=COMMON,space=1,delta=1,noexec
     6                           	psect	cstackBANK0,global,class=BANK0,space=1,delta=1,noexec
     7                           	psect	maintext,global,class=CODE,split=1,delta=2
     8                           	psect	text1,local,class=CODE,merge=1,delta=2
     9                           	psect	text2,local,class=CODE,merge=1,delta=2
    10                           	psect	text3,local,class=CODE,merge=1,delta=2
    11                           	psect	text4,local,class=CODE,merge=1,delta=2,group=1
    12                           	psect	text5,local,class=CODE,merge=1,delta=2,group=1
    13                           	psect	text6,local,class=CODE,merge=1,delta=2
    14                           	psect	idloc,global,abs,ovrld,class=IDLOC,space=5,delta=2,noexec
    15                           	psect	config,global,abs,ovrld,class=CONFIG,space=4,delta=2,noexec
    16                           	dabs	1,0x7E,2
    17     0000                     
    18                           ; Version 2.40
    19                           ; Generated 17/11/2021 GMT
    20                           ; 
    21                           ; Copyright © 2021, Microchip Technology Inc. and its subsidiaries ("Microchip")
    22                           ; All rights reserved.
    23                           ; 
    24                           ; This software is developed by Microchip Technology Inc. and its subsidiaries ("Microch
      +                          ip").
    25                           ; 
    26                           ; Redistribution and use in source and binary forms, with or without modification, are
    27                           ; permitted provided that the following conditions are met:
    28                           ; 
    29                           ;     1. Redistributions of source code must retain the above copyright notice, this lis
      +                          t of
    30                           ;        conditions and the following disclaimer.
    31                           ; 
    32                           ;     2. Redistributions in binary form must reproduce the above copyright notice, this 
      +                          list
    33                           ;        of conditions and the following disclaimer in the documentation and/or other
    34                           ;        materials provided with the distribution. Publication is not required when
    35                           ;        this file is used in an embedded application.
    36                           ; 
    37                           ;     3. Microchip's name may not be used to endorse or promote products derived from th
      +                          is
    38                           ;        software without specific prior written permission.
    39                           ; 
    40                           ; THIS SOFTWARE IS PROVIDED BY MICROCHIP "AS IS" AND ANY EXPRESS OR IMPLIED WARRANTIES,
    41                           ; INCLUDING, BUT NOT LIMITED TO, THE IMPLIED WARRANTIES OF MERCHANTABILITY AND FITNESS F
      +                          OR
    42                           ; PURPOSE ARE DISCLAIMED.  IN NO EVENT SHALL MICROCHIP BE LIABLE FOR ANY DIRECT, INDIREC
      +                          T,
    43                           ; INCIDENTAL, SPECIAL, EXEMPLARY, OR CONSEQUENTIAL DAMAGES (INCLUDING BUT NOT LIMITED TO
    44                           ; PROCUREMENT OF SUBSTITUTE GOODS OR SERVICES; LOSS OF USE, DATA OR PROFITS; OR BUSINESS
    45                           ; INTERRUPTION) HOWSOEVER CAUSED AND ON ANY THEORY OF LIABILITY, WHETHER IN CONTRACT, ST
      +                          RICT
    46                           ; LIABILITY, OR TORT (INCLUDING NEGLIGENCE OR OTHERWISE) ARISING IN ANY WAY OUT OF THE U
      +                          SE OF
    47                           ; THIS SOFTWARE, EVEN IF ADVISED OF THE POSSIBILITY OF SUCH DAMAGE.
    48                           ; 
    49                           ; 
    50                           ; Code-generator required, PIC16F887 Definitions
    51                           ; 
    52                           ; SFR Addresses
    53     0000                     	;# 
    54     0001                     	;# 
    55     0002                     	;# 
    56     0003                     	;# 
    57     0004                     	;# 
    58     0005                     	;# 
    59     0006                     	;# 
    60     0007                     	;# 
    61     0008                     	;# 
    62     0009                     	;# 
    63     000A                     	;# 
    64     000B                     	;# 
    65     000C                     	;# 
    66     000D                     	;# 
    67     000E                     	;# 
    68     000E                     	;# 
    69     000F                     	;# 
    70     0010                     	;# 
    71     0011                     	;# 
    72     0012                     	;# 
    73     0013                     	;# 
    74     0014                     	;# 
    75     0015                     	;# 
    76     0015                     	;# 
    77     0016                     	;# 
    78     0017                     	;# 
    79     0018                     	;# 
    80     0019                     	;# 
    81     001A                     	;# 
    82     001B                     	;# 
    83     001B                     	;# 
    84     001C                     	;# 
    85     001D                     	;# 
    86     001E                     	;# 
    87     001F                     	;# 
    88     0081                     	;# 
    89     0085                     	;# 
    90     0086                     	;# 
    91     0087                     	;# 
    92     0088                     	;# 
    93     0089                     	;# 
    94     008C                     	;# 
    95     008D                     	;# 
    96     008E                     	;# 
    97     008F                     	;# 
    98     0090                     	;# 
    99     0091                     	;# 
   100     0092                     	;# 
   101     0093                     	;# 
   102     0093                     	;# 
   103     0093                     	;# 
   104     0094                     	;# 
   105     0095                     	;# 
   106     0096                     	;# 
   107     0097                     	;# 
   108     0098                     	;# 
   109     0099                     	;# 
   110     009A                     	;# 
   111     009B                     	;# 
   112     009C                     	;# 
   113     009D                     	;# 
   114     009E                     	;# 
   115     009F                     	;# 
   116     0105                     	;# 
   117     0107                     	;# 
   118     0108                     	;# 
   119     0109                     	;# 
   120     010C                     	;# 
   121     010C                     	;# 
   122     010D                     	;# 
   123     010E                     	;# 
   124     010F                     	;# 
   125     0185                     	;# 
   126     0187                     	;# 
   127     0188                     	;# 
   128     0189                     	;# 
   129     018C                     	;# 
   130     018D                     	;# 
   131     0000                     	;# 
   132     0001                     	;# 
   133     0002                     	;# 
   134     0003                     	;# 
   135     0004                     	;# 
   136     0005                     	;# 
   137     0006                     	;# 
   138     0007                     	;# 
   139     0008                     	;# 
   140     0009                     	;# 
   141     000A                     	;# 
   142     000B                     	;# 
   143     000C                     	;# 
   144     000D                     	;# 
   145     000E                     	;# 
   146     000E                     	;# 
   147     000F                     	;# 
   148     0010                     	;# 
   149     0011                     	;# 
   150     0012                     	;# 
   151     0013                     	;# 
   152     0014                     	;# 
   153     0015                     	;# 
   154     0015                     	;# 
   155     0016                     	;# 
   156     0017                     	;# 
   157     0018                     	;# 
   158     0019                     	;# 
   159     001A                     	;# 
   160     001B                     	;# 
   161     001B                     	;# 
   162     001C                     	;# 
   163     001D                     	;# 
   164     001E                     	;# 
   165     001F                     	;# 
   166     0081                     	;# 
   167     0085                     	;# 
   168     0086                     	;# 
   169     0087                     	;# 
   170     0088                     	;# 
   171     0089                     	;# 
   172     008C                     	;# 
   173     008D                     	;# 
   174     008E                     	;# 
   175     008F                     	;# 
   176     0090                     	;# 
   177     0091                     	;# 
   178     0092                     	;# 
   179     0093                     	;# 
   180     0093                     	;# 
   181     0093                     	;# 
   182     0094                     	;# 
   183     0095                     	;# 
   184     0096                     	;# 
   185     0097                     	;# 
   186     0098                     	;# 
   187     0099                     	;# 
   188     009A                     	;# 
   189     009B                     	;# 
   190     009C                     	;# 
   191     009D                     	;# 
   192     009E                     	;# 
   193     009F                     	;# 
   194     0105                     	;# 
   195     0107                     	;# 
   196     0108                     	;# 
   197     0109                     	;# 
   198     010C                     	;# 
   199     010C                     	;# 
   200     010D                     	;# 
   201     010E                     	;# 
   202     010F                     	;# 
   203     0185                     	;# 
   204     0187                     	;# 
   205     0188                     	;# 
   206     0189                     	;# 
   207     018C                     	;# 
   208     018D                     	;# 
   209     001E                     _ADRESH	set	30
   210     001F                     _ADCON0	set	31
   211     0019                     _TXREG	set	25
   212     0018                     _RCSTA	set	24
   213     002C                     _RA4	set	44
   214     002B                     _RA3	set	43
   215     002A                     _RA2	set	42
   216     0029                     _RA1	set	41
   217     00F9                     _GO_nDONE	set	249
   218     0064                     _TXIF	set	100
   219     009F                     _ADCON1	set	159
   220     0085                     _TRISA	set	133
   221     009E                     _ADRESL	set	158
   222     0099                     _SPBRG	set	153
   223     0098                     _TXSTA	set	152
   224     043F                     _TRISC7	set	1087
   225     043E                     _TRISC6	set	1086
   226     0189                     _ANSELH	set	393
   227     0188                     _ANSEL	set	392
   228                           
   229                           	psect	cinit
   230     07FC                     start_initialization:	
   231                           ; #config settings
   232                           
   233     07FC                     __initialization:
   234     07FC                     end_of_initialization:	
   235                           ;End of C runtime variable initialization code
   236                           
   237     07FC                     __end_of__initialization:
   238     07FC  0183               	clrf	3
   239     07FD  120A  118A  2E9A   	ljmp	_main	;jump to C main() function
   240                           
   241                           	psect	cstackCOMMON
   242     0070                     __pcstackCOMMON:
   243     0070                     ?_UART_Init:
   244     0070                     ??_UART_Init:	
   245                           ; 1 bytes @ 0x0
   246                           
   247     0070                     ?_UART_Tx:	
   248                           ; 1 bytes @ 0x0
   249                           
   250     0070                     ??_UART_Tx:	
   251                           ; 1 bytes @ 0x0
   252                           
   253     0070                     ?_main:	
   254                           ; 1 bytes @ 0x0
   255                           
   256     0070                     ?_ADC_Read:	
   257                           ; 1 bytes @ 0x0
   258                           
   259     0070                     ?___lmul:	
   260                           ; 2 bytes @ 0x0
   261                           
   262     0070                     ?___aldiv:	
   263                           ; 4 bytes @ 0x0
   264                           
   265     0070                     UART_Tx@d:	
   266                           ; 4 bytes @ 0x0
   267                           
   268     0070                     ___lmul@multiplier:	
   269                           ; 1 bytes @ 0x0
   270                           
   271     0070                     ___aldiv@divisor:	
   272                           ; 4 bytes @ 0x0
   273                           
   274                           
   275                           ; 4 bytes @ 0x0
   276     0070                     	ds	2
   277     0072                     ??_ADC_Read:
   278                           
   279                           ; 1 bytes @ 0x2
   280     0072                     	ds	2
   281     0074                     ___lmul@multiplicand:
   282     0074                     ___aldiv@dividend:	
   283                           ; 4 bytes @ 0x4
   284                           
   285                           
   286                           ; 4 bytes @ 0x4
   287     0074                     	ds	4
   288     0078                     ??___lmul:
   289     0078                     ??___aldiv:	
   290                           ; 1 bytes @ 0x8
   291                           
   292                           
   293                           ; 1 bytes @ 0x8
   294     0078                     	ds	1
   295     0079                     ___lmul@product:
   296                           
   297                           ; 4 bytes @ 0x9
   298     0079                     	ds	4
   299     007D                     ??_ADC_to_Fuel_Percent:
   300                           
   301                           	psect	cstackBANK0
   302     0020                     __pcstackBANK0:	
   303                           ; 1 bytes @ 0xD
   304                           
   305     0020                     ___aldiv@counter:
   306                           
   307                           ; 1 bytes @ 0x0
   308     0020                     	ds	1
   309     0021                     ___aldiv@sign:
   310                           
   311                           ; 1 bytes @ 0x1
   312     0021                     	ds	1
   313     0022                     ___aldiv@quotient:
   314                           
   315                           ; 4 bytes @ 0x2
   316     0022                     	ds	4
   317     0026                     ?_ADC_to_Fuel_Percent:
   318     0026                     ADC_to_Fuel_Percent@adc:	
   319                           ; 1 bytes @ 0x6
   320                           
   321                           
   322                           ; 2 bytes @ 0x6
   323     0026                     	ds	2
   324     0028                     ADC_to_Fuel_Percent@temp:
   325                           
   326                           ; 4 bytes @ 0x8
   327     0028                     	ds	4
   328     002C                     ??_main:
   329                           
   330                           ; 1 bytes @ 0xC
   331     002C                     	ds	3
   332     002F                     main@adc:
   333                           
   334                           ; 2 bytes @ 0xF
   335     002F                     	ds	2
   336     0031                     main@fuel:
   337                           
   338                           ; 1 bytes @ 0x11
   339     0031                     	ds	1
   340     0032                     main@doors:
   341                           
   342                           ; 1 bytes @ 0x12
   343     0032                     	ds	1
   344                           
   345                           	psect	maintext
   346     069A                     __pmaintext:	
   347 ;;
   348 ;;Main: autosize = 0, tempsize = 3, incstack = 0, save=0
   349 ;;
   350 ;; *************** function _main *****************
   351 ;; Defined at:
   352 ;;		line 50 in file "car_dashboard_tx.c"
   353 ;; Parameters:    Size  Location     Type
   354 ;;		None
   355 ;; Auto vars:     Size  Location     Type
   356 ;;  adc             2   15[BANK0 ] unsigned int 
   357 ;;  doors           1   18[BANK0 ] unsigned char 
   358 ;;  fuel            1   17[BANK0 ] unsigned char 
   359 ;; Return value:  Size  Location     Type
   360 ;;                  1    wreg      void 
   361 ;; Registers used:
   362 ;;		wreg, status,2, status,0, btemp+1, pclath, cstack
   363 ;; Tracked objects:
   364 ;;		On entry : B00/0
   365 ;;		On exit  : 0/0
   366 ;;		Unchanged: 0/0
   367 ;; Data sizes:     COMMON   BANK0   BANK1   BANK3   BANK2
   368 ;;      Params:         0       0       0       0       0
   369 ;;      Locals:         0       4       0       0       0
   370 ;;      Temps:          0       3       0       0       0
   371 ;;      Totals:         0       7       0       0       0
   372 ;;Total ram usage:        7 bytes
   373 ;; Hardware stack levels required when called: 2
   374 ;; This function calls:
   375 ;;		_ADC_Read
   376 ;;		_ADC_to_Fuel_Percent
   377 ;;		_UART_Init
   378 ;;		_UART_Tx
   379 ;; This function is called by:
   380 ;;		Startup code after reset
   381 ;; This function uses a non-reentrant model
   382 ;;
   383                           
   384     069A                     _main:	
   385                           ;psect for function _main
   386                           
   387     069A                     l872:	
   388                           ;incstack = 0
   389                           ; Regs used in _main: [wreg+status,2+status,0+btemp+1+pclath+cstack]
   390                           
   391                           
   392                           ;car_dashboard_tx.c: 52:     {;car_dashboard_tx.c: 53:         doors = 0;;car_dashboard_
      +                          tx.c: 54: ;car_dashboard_tx.c: 57:         if(RA3 == 1) doors |= 0x08;
   393     069A  3001               	movlw	1
   394     069B  1683               	bsf	3,5	;RP0=1, select bank3
   395     069C  1703               	bsf	3,6	;RP1=1, select bank3
   396     069D  0088               	movwf	8	;volatile
   397     069E                     l874:
   398                           
   399                           ;car_dashboard_tx.c: 58:         if(RA4 == 1) doors |= 0x10;
   400     069E  0189               	clrf	9	;volatile
   401     069F                     l876:
   402                           
   403                           ;car_dashboard_tx.c: 59: 
   404     069F  301F               	movlw	31
   405     06A0  1683               	bsf	3,5	;RP0=1, select bank1
   406     06A1  1303               	bcf	3,6	;RP1=0, select bank1
   407     06A2  0085               	movwf	5	;volatile
   408     06A3                     l878:
   409                           
   410                           ;car_dashboard_tx.c: 60: 
   411     06A3  1307               	bcf	7,6	;volatile
   412     06A4                     l880:
   413                           
   414                           ;car_dashboard_tx.c: 61:         adc = ADC_Read();
   415     06A4  1787               	bsf	7,7	;volatile
   416     06A5                     l882:
   417                           
   418                           ;car_dashboard_tx.c: 62:         fuel = ADC_to_Fuel_Percent(adc);
   419     06A5  3080               	movlw	128
   420     06A6  009F               	movwf	31	;volatile
   421     06A7                     l884:
   422                           
   423                           ;car_dashboard_tx.c: 63: 
   424     06A7  120A  118A  262C  120A  118A  	fcall	_UART_Init
   425     06AC                     l886:
   426                           
   427                           ;car_dashboard_tx.c: 66:         UART_Tx(fuel);;car_dashboard_tx.c: 67: 
   428     06AC  1283               	bcf	3,5	;RP0=0, select bank0
   429     06AD  1303               	bcf	3,6	;RP1=0, select bank0
   430     06AE  01B2               	clrf	main@doors
   431     06AF                     l888:
   432                           
   433                           ;car_dashboard_tx.c: 69:     }
   434     06AF  1C85               	btfss	5,1	;volatile
   435     06B0  2EB2               	goto	u431
   436     06B1  2EB3               	goto	u430
   437     06B2                     u431:
   438     06B2  2EB4               	goto	l66
   439     06B3                     u430:
   440     06B3                     l890:
   441     06B3  14B2               	bsf	main@doors,1
   442     06B4                     l66:
   443                           
   444                           ;car_dashboard_tx.c: 70: }
   445     06B4  1D05               	btfss	5,2	;volatile
   446     06B5  2EB7               	goto	u441
   447     06B6  2EB8               	goto	u440
   448     06B7                     u441:
   449     06B7  2EB9               	goto	l67
   450     06B8                     u440:
   451     06B8                     l892:
   452     06B8  1532               	bsf	main@doors,2
   453     06B9                     l67:
   454     06B9  1D85               	btfss	5,3	;volatile
   455     06BA  2EBC               	goto	u451
   456     06BB  2EBD               	goto	u450
   457     06BC                     u451:
   458     06BC  2EBE               	goto	l68
   459     06BD                     u450:
   460     06BD                     l894:
   461     06BD  15B2               	bsf	main@doors,3
   462     06BE                     l68:
   463     06BE  1E05               	btfss	5,4	;volatile
   464     06BF  2EC1               	goto	u461
   465     06C0  2EC2               	goto	u460
   466     06C1                     u461:
   467     06C1  2EC3               	goto	l898
   468     06C2                     u460:
   469     06C2                     l896:
   470     06C2  1632               	bsf	main@doors,4
   471     06C3                     l898:
   472     06C3  120A  118A  2639  120A  118A  	fcall	_ADC_Read
   473     06C8  0871               	movf	?_ADC_Read+1,w
   474     06C9  1283               	bcf	3,5	;RP0=0, select bank0
   475     06CA  1303               	bcf	3,6	;RP1=0, select bank0
   476     06CB  00B0               	movwf	main@adc+1
   477     06CC  0870               	movf	?_ADC_Read,w
   478     06CD  00AF               	movwf	main@adc
   479     06CE                     l900:
   480     06CE  0830               	movf	main@adc+1,w
   481     06CF  00A7               	movwf	ADC_to_Fuel_Percent@adc+1
   482     06D0  082F               	movf	main@adc,w
   483     06D1  00A6               	movwf	ADC_to_Fuel_Percent@adc
   484     06D2  120A  118A  26FA  120A  118A  	fcall	_ADC_to_Fuel_Percent
   485     06D7  1283               	bcf	3,5	;RP0=0, select bank0
   486     06D8  1303               	bcf	3,6	;RP1=0, select bank0
   487     06D9  00B1               	movwf	main@fuel
   488     06DA                     l902:
   489     06DA  0832               	movf	main@doors,w
   490     06DB  120A  118A  2622  120A  118A  	fcall	_UART_Tx
   491     06E0                     l904:
   492     06E0  1283               	bcf	3,5	;RP0=0, select bank0
   493     06E1  1303               	bcf	3,6	;RP1=0, select bank0
   494     06E2  0831               	movf	main@fuel,w
   495     06E3  120A  118A  2622  120A  118A  	fcall	_UART_Tx
   496     06E8                     l906:
   497     06E8  3003               	movlw	3
   498     06E9  1283               	bcf	3,5	;RP0=0, select bank0
   499     06EA  1303               	bcf	3,6	;RP1=0, select bank0
   500     06EB  00AE               	movwf	??_main+2
   501     06EC  308A               	movlw	138
   502     06ED  00AD               	movwf	??_main+1
   503     06EE  3055               	movlw	85
   504     06EF  00AC               	movwf	??_main
   505     06F0                     u477:
   506     06F0  0BAC               	decfsz	??_main,f
   507     06F1  2EF0               	goto	u477
   508     06F2  0BAD               	decfsz	??_main+1,f
   509     06F3  2EF0               	goto	u477
   510     06F4  0BAE               	decfsz	??_main+2,f
   511     06F5  2EF0               	goto	u477
   512     06F6  2EAC               	goto	l886
   513     06F7  120A  118A  2800   	ljmp	start
   514     06FA                     __end_of_main:
   515                           
   516                           	psect	text1
   517     0622                     __ptext1:	
   518 ;; *************** function _UART_Tx *****************
   519 ;; Defined at:
   520 ;;		line 21 in file "car_dashboard_tx.c"
   521 ;; Parameters:    Size  Location     Type
   522 ;;  d               1    wreg     unsigned char 
   523 ;; Auto vars:     Size  Location     Type
   524 ;;  d               1    0[COMMON] unsigned char 
   525 ;; Return value:  Size  Location     Type
   526 ;;                  1    wreg      void 
   527 ;; Registers used:
   528 ;;		wreg
   529 ;; Tracked objects:
   530 ;;		On entry : 0/0
   531 ;;		On exit  : 0/0
   532 ;;		Unchanged: 0/0
   533 ;; Data sizes:     COMMON   BANK0   BANK1   BANK3   BANK2
   534 ;;      Params:         0       0       0       0       0
   535 ;;      Locals:         1       0       0       0       0
   536 ;;      Temps:          0       0       0       0       0
   537 ;;      Totals:         1       0       0       0       0
   538 ;;Total ram usage:        1 bytes
   539 ;; Hardware stack levels used: 1
   540 ;; This function calls:
   541 ;;		Nothing
   542 ;; This function is called by:
   543 ;;		_main
   544 ;; This function uses a non-reentrant model
   545 ;;
   546                           
   547     0622                     _UART_Tx:	
   548                           ;psect for function _UART_Tx
   549                           
   550                           
   551                           ;incstack = 0
   552                           ; Regs used in _UART_Tx: [wreg]
   553                           ;UART_Tx@d stored from wreg
   554     0622  00F0               	movwf	UART_Tx@d
   555     0623                     l842:
   556     0623                     l46:	
   557                           ;car_dashboard_tx.c: 21: ;car_dashboard_tx.c: 22: unsigned char ADC_to_Fuel_Percent(int 
      +                          adc);car_dashboard_tx.c: 23: {
   558                           
   559     0623  1283               	bcf	3,5	;RP0=0, select bank0
   560     0624  1303               	bcf	3,6	;RP1=0, select bank0
   561     0625  1E0C               	btfss	12,4	;volatile
   562     0626  2E28               	goto	u391
   563     0627  2E29               	goto	u390
   564     0628                     u391:
   565     0628  2E23               	goto	l46
   566     0629                     u390:
   567     0629                     l844:
   568                           
   569                           ;car_dashboard_tx.c: 24:     long temp;
   570     0629  0870               	movf	UART_Tx@d,w
   571     062A  0099               	movwf	25	;volatile
   572     062B                     l49:
   573     062B  0008               	return
   574     062C                     __end_of_UART_Tx:
   575                           
   576                           	psect	text2
   577     062C                     __ptext2:	
   578 ;; *************** function _UART_Init *****************
   579 ;; Defined at:
   580 ;;		line 14 in file "car_dashboard_tx.c"
   581 ;; Parameters:    Size  Location     Type
   582 ;;		None
   583 ;; Auto vars:     Size  Location     Type
   584 ;;		None
   585 ;; Return value:  Size  Location     Type
   586 ;;                  1    wreg      void 
   587 ;; Registers used:
   588 ;;		wreg
   589 ;; Tracked objects:
   590 ;;		On entry : 0/0
   591 ;;		On exit  : 0/0
   592 ;;		Unchanged: 0/0
   593 ;; Data sizes:     COMMON   BANK0   BANK1   BANK3   BANK2
   594 ;;      Params:         0       0       0       0       0
   595 ;;      Locals:         0       0       0       0       0
   596 ;;      Temps:          0       0       0       0       0
   597 ;;      Totals:         0       0       0       0       0
   598 ;;Total ram usage:        0 bytes
   599 ;; Hardware stack levels used: 1
   600 ;; This function calls:
   601 ;;		Nothing
   602 ;; This function is called by:
   603 ;;		_main
   604 ;; This function uses a non-reentrant model
   605 ;;
   606                           
   607     062C                     _UART_Init:	
   608                           ;psect for function _UART_Init
   609                           
   610     062C                     l840:	
   611                           ;incstack = 0
   612                           ; Regs used in _UART_Init: [wreg]
   613                           
   614                           
   615                           ;car_dashboard_tx.c: 16:     GO_nDONE = 1;
   616     062C  3024               	movlw	36
   617     062D  1683               	bsf	3,5	;RP0=1, select bank1
   618     062E  1303               	bcf	3,6	;RP1=0, select bank1
   619     062F  0098               	movwf	24	;volatile
   620                           
   621                           ;car_dashboard_tx.c: 17:     while(GO_nDONE);
   622     0630  3090               	movlw	144
   623     0631  1283               	bcf	3,5	;RP0=0, select bank0
   624     0632  1303               	bcf	3,6	;RP1=0, select bank0
   625     0633  0098               	movwf	24	;volatile
   626                           
   627                           ;car_dashboard_tx.c: 18:     return ((ADRESH << 8) + ADRESL);
   628     0634  3019               	movlw	25
   629     0635  1683               	bsf	3,5	;RP0=1, select bank1
   630     0636  1303               	bcf	3,6	;RP1=0, select bank1
   631     0637  0099               	movwf	25	;volatile
   632     0638                     l43:
   633     0638  0008               	return
   634     0639                     __end_of_UART_Init:
   635                           
   636                           	psect	text3
   637     06FA                     __ptext3:	
   638 ;; *************** function _ADC_to_Fuel_Percent *****************
   639 ;; Defined at:
   640 ;;		line 36 in file "car_dashboard_tx.c"
   641 ;; Parameters:    Size  Location     Type
   642 ;;  adc             2    6[BANK0 ] int 
   643 ;; Auto vars:     Size  Location     Type
   644 ;;  temp            4    8[BANK0 ] long 
   645 ;; Return value:  Size  Location     Type
   646 ;;                  1    wreg      unsigned char 
   647 ;; Registers used:
   648 ;;		wreg, status,2, status,0, btemp+1, pclath, cstack
   649 ;; Tracked objects:
   650 ;;		On entry : 0/0
   651 ;;		On exit  : 0/0
   652 ;;		Unchanged: 0/0
   653 ;; Data sizes:     COMMON   BANK0   BANK1   BANK3   BANK2
   654 ;;      Params:         0       2       0       0       0
   655 ;;      Locals:         0       4       0       0       0
   656 ;;      Temps:          0       0       0       0       0
   657 ;;      Totals:         0       6       0       0       0
   658 ;;Total ram usage:        6 bytes
   659 ;; Hardware stack levels used: 1
   660 ;; Hardware stack levels required when called: 1
   661 ;; This function calls:
   662 ;;		___aldiv
   663 ;;		___lmul
   664 ;; This function is called by:
   665 ;;		_main
   666 ;; This function uses a non-reentrant model
   667 ;;
   668                           
   669     06FA                     _ADC_to_Fuel_Percent:	
   670                           ;psect for function _ADC_to_Fuel_Percent
   671                           
   672     06FA                     l854:	
   673                           ;incstack = 0
   674                           ; Regs used in _ADC_to_Fuel_Percent: [wreg+status,2+status,0+btemp+1+pclath+cstack]
   675                           
   676                           
   677                           ;car_dashboard_tx.c: 36: void main(void);car_dashboard_tx.c: 37: {;car_dashboard_tx.c: 3
      +                          8:     unsigned int adc;;car_dashboard_tx.c: 40:     unsigned char doors;
   678     06FA  1283               	bcf	3,5	;RP0=0, select bank0
   679     06FB  1303               	bcf	3,6	;RP1=0, select bank0
   680     06FC  0827               	movf	ADC_to_Fuel_Percent@adc+1,w
   681     06FD  3A80               	xorlw	128
   682     06FE  00FF               	movwf	btemp+1
   683     06FF  3080               	movlw	128
   684     0700  027F               	subwf	btemp+1,w
   685     0701  1D03               	skipz
   686     0702  2F05               	goto	u415
   687     0703  3001               	movlw	1
   688     0704  0226               	subwf	ADC_to_Fuel_Percent@adc,w
   689     0705                     u415:
   690     0705  1803               	skipnc
   691     0706  2F08               	goto	u411
   692     0707  2F09               	goto	u410
   693     0708                     u411:
   694     0708  2F0B               	goto	l860
   695     0709                     u410:
   696     0709                     l856:
   697     0709  3000               	movlw	0
   698     070A  2F5E               	goto	l59
   699     070B                     l860:
   700                           
   701                           ;car_dashboard_tx.c: 41: 
   702     070B  1283               	bcf	3,5	;RP0=0, select bank0
   703     070C  1303               	bcf	3,6	;RP1=0, select bank0
   704     070D  0827               	movf	ADC_to_Fuel_Percent@adc+1,w
   705     070E  3A80               	xorlw	128
   706     070F  00FF               	movwf	btemp+1
   707     0710  3083               	movlw	131
   708     0711  027F               	subwf	btemp+1,w
   709     0712  1D03               	skipz
   710     0713  2F16               	goto	u425
   711     0714  30FE               	movlw	254
   712     0715  0226               	subwf	ADC_to_Fuel_Percent@adc,w
   713     0716                     u425:
   714     0716  1C03               	skipc
   715     0717  2F19               	goto	u421
   716     0718  2F1A               	goto	u420
   717     0719                     u421:
   718     0719  2F1C               	goto	l866
   719     071A                     u420:
   720     071A                     l862:
   721     071A  3064               	movlw	100
   722     071B  2F5E               	goto	l59
   723     071C                     l866:
   724                           
   725                           ;car_dashboard_tx.c: 43:     ANSEL = 0x01;
   726     071C  1283               	bcf	3,5	;RP0=0, select bank0
   727     071D  1303               	bcf	3,6	;RP1=0, select bank0
   728     071E  0826               	movf	ADC_to_Fuel_Percent@adc,w
   729     071F  00F0               	movwf	___lmul@multiplier
   730     0720  0827               	movf	ADC_to_Fuel_Percent@adc+1,w
   731     0721  00F1               	movwf	___lmul@multiplier+1
   732     0722  3000               	movlw	0
   733     0723  1BF1               	btfsc	___lmul@multiplier+1,7
   734     0724  30FF               	movlw	255
   735     0725  00F2               	movwf	___lmul@multiplier+2
   736     0726  00F3               	movwf	___lmul@multiplier+3
   737     0727  3000               	movlw	0
   738     0728  00F7               	movwf	___lmul@multiplicand+3
   739     0729  3000               	movlw	0
   740     072A  00F6               	movwf	___lmul@multiplicand+2
   741     072B  3000               	movlw	0
   742     072C  00F5               	movwf	___lmul@multiplicand+1
   743     072D  3064               	movlw	100
   744     072E  00F4               	movwf	___lmul@multiplicand
   745     072F  120A  118A  2654  120A  118A  	fcall	___lmul
   746     0734  0873               	movf	?___lmul+3,w
   747     0735  1283               	bcf	3,5	;RP0=0, select bank0
   748     0736  1303               	bcf	3,6	;RP1=0, select bank0
   749     0737  00AB               	movwf	ADC_to_Fuel_Percent@temp+3
   750     0738  0872               	movf	?___lmul+2,w
   751     0739  00AA               	movwf	ADC_to_Fuel_Percent@temp+2
   752     073A  0871               	movf	?___lmul+1,w
   753     073B  00A9               	movwf	ADC_to_Fuel_Percent@temp+1
   754     073C  0870               	movf	?___lmul,w
   755     073D  00A8               	movwf	ADC_to_Fuel_Percent@temp
   756                           
   757                           ;car_dashboard_tx.c: 44:     ANSELH = 0x00;
   758     073E  3000               	movlw	0
   759     073F  00F3               	movwf	___aldiv@divisor+3
   760     0740  3000               	movlw	0
   761     0741  00F2               	movwf	___aldiv@divisor+2
   762     0742  3003               	movlw	3
   763     0743  00F1               	movwf	___aldiv@divisor+1
   764     0744  30FE               	movlw	254
   765     0745  00F0               	movwf	___aldiv@divisor
   766     0746  082B               	movf	ADC_to_Fuel_Percent@temp+3,w
   767     0747  00F7               	movwf	___aldiv@dividend+3
   768     0748  082A               	movf	ADC_to_Fuel_Percent@temp+2,w
   769     0749  00F6               	movwf	___aldiv@dividend+2
   770     074A  0829               	movf	ADC_to_Fuel_Percent@temp+1,w
   771     074B  00F5               	movwf	___aldiv@dividend+1
   772     074C  0828               	movf	ADC_to_Fuel_Percent@temp,w
   773     074D  00F4               	movwf	___aldiv@dividend
   774     074E  120A  118A  275F  120A  118A  	fcall	___aldiv
   775     0753  0873               	movf	?___aldiv+3,w
   776     0754  1283               	bcf	3,5	;RP0=0, select bank0
   777     0755  1303               	bcf	3,6	;RP1=0, select bank0
   778     0756  00AB               	movwf	ADC_to_Fuel_Percent@temp+3
   779     0757  0872               	movf	?___aldiv+2,w
   780     0758  00AA               	movwf	ADC_to_Fuel_Percent@temp+2
   781     0759  0871               	movf	?___aldiv+1,w
   782     075A  00A9               	movwf	ADC_to_Fuel_Percent@temp+1
   783     075B  0870               	movf	?___aldiv,w
   784     075C  00A8               	movwf	ADC_to_Fuel_Percent@temp
   785     075D                     l868:
   786                           
   787                           ;car_dashboard_tx.c: 46:     TRISC6 = 0;
   788     075D  0828               	movf	ADC_to_Fuel_Percent@temp,w
   789     075E                     l59:
   790     075E  0008               	return
   791     075F                     __end_of_ADC_to_Fuel_Percent:
   792                           
   793                           	psect	text4
   794     0654                     __ptext4:	
   795 ;; *************** function ___lmul *****************
   796 ;; Defined at:
   797 ;;		line 15 in file "C:\Program Files\Microchip\xc8\v2.40\pic\sources\c90\common\Umul32.c"
   798 ;; Parameters:    Size  Location     Type
   799 ;;  multiplier      4    0[COMMON] unsigned long 
   800 ;;  multiplicand    4    4[COMMON] unsigned long 
   801 ;; Auto vars:     Size  Location     Type
   802 ;;  product         4    9[COMMON] unsigned long 
   803 ;; Return value:  Size  Location     Type
   804 ;;                  4    0[COMMON] unsigned long 
   805 ;; Registers used:
   806 ;;		wreg, status,2, status,0
   807 ;; Tracked objects:
   808 ;;		On entry : 0/0
   809 ;;		On exit  : 0/0
   810 ;;		Unchanged: 0/0
   811 ;; Data sizes:     COMMON   BANK0   BANK1   BANK3   BANK2
   812 ;;      Params:         8       0       0       0       0
   813 ;;      Locals:         4       0       0       0       0
   814 ;;      Temps:          1       0       0       0       0
   815 ;;      Totals:        13       0       0       0       0
   816 ;;Total ram usage:       13 bytes
   817 ;; Hardware stack levels used: 1
   818 ;; This function calls:
   819 ;;		Nothing
   820 ;; This function is called by:
   821 ;;		_ADC_to_Fuel_Percent
   822 ;; This function uses a non-reentrant model
   823 ;;
   824                           
   825     0654                     ___lmul:	
   826                           ;psect for function ___lmul
   827                           
   828     0654                     l786:	
   829                           ;incstack = 0
   830                           ; Regs used in ___lmul: [wreg+status,2+status,0]
   831                           
   832     0654  3000               	movlw	0
   833     0655  00FC               	movwf	___lmul@product+3
   834     0656  3000               	movlw	0
   835     0657  00FB               	movwf	___lmul@product+2
   836     0658  3000               	movlw	0
   837     0659  00FA               	movwf	___lmul@product+1
   838     065A  3000               	movlw	0
   839     065B  00F9               	movwf	___lmul@product
   840     065C                     l788:
   841     065C  1C70               	btfss	___lmul@multiplier,0
   842     065D  2E5F               	goto	u241
   843     065E  2E60               	goto	u240
   844     065F                     u241:
   845     065F  2E77               	goto	l792
   846     0660                     u240:
   847     0660                     l790:
   848     0660  0874               	movf	___lmul@multiplicand,w
   849     0661  07F9               	addwf	___lmul@product,f
   850     0662  0875               	movf	___lmul@multiplicand+1,w
   851     0663  1103               	clrz
   852     0664  1803               	skipnc
   853     0665  3E01               	addlw	1
   854     0666  1903               	skipnz
   855     0667  2E69               	goto	u251
   856     0668  07FA               	addwf	___lmul@product+1,f
   857     0669                     u251:
   858     0669  0876               	movf	___lmul@multiplicand+2,w
   859     066A  1103               	clrz
   860     066B  1803               	skipnc
   861     066C  3E01               	addlw	1
   862     066D  1903               	skipnz
   863     066E  2E70               	goto	u252
   864     066F  07FB               	addwf	___lmul@product+2,f
   865     0670                     u252:
   866     0670  0877               	movf	___lmul@multiplicand+3,w
   867     0671  1103               	clrz
   868     0672  1803               	skipnc
   869     0673  3E01               	addlw	1
   870     0674  1903               	skipnz
   871     0675  2E77               	goto	u253
   872     0676  07FC               	addwf	___lmul@product+3,f
   873     0677                     u253:
   874     0677                     l792:
   875     0677  3001               	movlw	1
   876     0678  00F8               	movwf	??___lmul
   877     0679                     u265:
   878     0679  1003               	clrc
   879     067A  0DF4               	rlf	___lmul@multiplicand,f
   880     067B  0DF5               	rlf	___lmul@multiplicand+1,f
   881     067C  0DF6               	rlf	___lmul@multiplicand+2,f
   882     067D  0DF7               	rlf	___lmul@multiplicand+3,f
   883     067E  0BF8               	decfsz	??___lmul,f
   884     067F  2E79               	goto	u265
   885     0680                     l794:
   886     0680  3001               	movlw	1
   887     0681                     u275:
   888     0681  1003               	clrc
   889     0682  0CF3               	rrf	___lmul@multiplier+3,f
   890     0683  0CF2               	rrf	___lmul@multiplier+2,f
   891     0684  0CF1               	rrf	___lmul@multiplier+1,f
   892     0685  0CF0               	rrf	___lmul@multiplier,f
   893     0686  3EFF               	addlw	-1
   894     0687  1D03               	skipz
   895     0688  2E81               	goto	u275
   896     0689  0873               	movf	___lmul@multiplier+3,w
   897     068A  0472               	iorwf	___lmul@multiplier+2,w
   898     068B  0471               	iorwf	___lmul@multiplier+1,w
   899     068C  0470               	iorwf	___lmul@multiplier,w
   900     068D  1D03               	skipz
   901     068E  2E90               	goto	u281
   902     068F  2E91               	goto	u280
   903     0690                     u281:
   904     0690  2E5C               	goto	l788
   905     0691                     u280:
   906     0691                     l796:
   907     0691  087C               	movf	___lmul@product+3,w
   908     0692  00F3               	movwf	?___lmul+3
   909     0693  087B               	movf	___lmul@product+2,w
   910     0694  00F2               	movwf	?___lmul+2
   911     0695  087A               	movf	___lmul@product+1,w
   912     0696  00F1               	movwf	?___lmul+1
   913     0697  0879               	movf	___lmul@product,w
   914     0698  00F0               	movwf	?___lmul
   915     0699                     l172:
   916     0699  0008               	return
   917     069A                     __end_of___lmul:
   918                           
   919                           	psect	text5
   920     075F                     __ptext5:	
   921 ;; *************** function ___aldiv *****************
   922 ;; Defined at:
   923 ;;		line 5 in file "C:\Program Files\Microchip\xc8\v2.40\pic\sources\c90\common\aldiv.c"
   924 ;; Parameters:    Size  Location     Type
   925 ;;  divisor         4    0[COMMON] long 
   926 ;;  dividend        4    4[COMMON] long 
   927 ;; Auto vars:     Size  Location     Type
   928 ;;  quotient        4    2[BANK0 ] long 
   929 ;;  sign            1    1[BANK0 ] unsigned char 
   930 ;;  counter         1    0[BANK0 ] unsigned char 
   931 ;; Return value:  Size  Location     Type
   932 ;;                  4    0[COMMON] long 
   933 ;; Registers used:
   934 ;;		wreg, status,2, status,0
   935 ;; Tracked objects:
   936 ;;		On entry : 0/0
   937 ;;		On exit  : 0/0
   938 ;;		Unchanged: 0/0
   939 ;; Data sizes:     COMMON   BANK0   BANK1   BANK3   BANK2
   940 ;;      Params:         8       0       0       0       0
   941 ;;      Locals:         0       6       0       0       0
   942 ;;      Temps:          1       0       0       0       0
   943 ;;      Totals:         9       6       0       0       0
   944 ;;Total ram usage:       15 bytes
   945 ;; Hardware stack levels used: 1
   946 ;; This function calls:
   947 ;;		Nothing
   948 ;; This function is called by:
   949 ;;		_ADC_to_Fuel_Percent
   950 ;; This function uses a non-reentrant model
   951 ;;
   952                           
   953     075F                     ___aldiv:	
   954                           ;psect for function ___aldiv
   955                           
   956     075F                     l800:	
   957                           ;incstack = 0
   958                           ; Regs used in ___aldiv: [wreg+status,2+status,0]
   959                           
   960     075F  1283               	bcf	3,5	;RP0=0, select bank0
   961     0760  1303               	bcf	3,6	;RP1=0, select bank0
   962     0761  01A1               	clrf	___aldiv@sign
   963     0762                     l802:
   964     0762  1FF3               	btfss	___aldiv@divisor+3,7
   965     0763  2F65               	goto	u291
   966     0764  2F66               	goto	u290
   967     0765                     u291:
   968     0765  2F73               	goto	l223
   969     0766                     u290:
   970     0766                     l804:
   971     0766  09F0               	comf	___aldiv@divisor,f
   972     0767  09F1               	comf	___aldiv@divisor+1,f
   973     0768  09F2               	comf	___aldiv@divisor+2,f
   974     0769  09F3               	comf	___aldiv@divisor+3,f
   975     076A  0AF0               	incf	___aldiv@divisor,f
   976     076B  1903               	skipnz
   977     076C  0AF1               	incf	___aldiv@divisor+1,f
   978     076D  1903               	skipnz
   979     076E  0AF2               	incf	___aldiv@divisor+2,f
   980     076F  1903               	skipnz
   981     0770  0AF3               	incf	___aldiv@divisor+3,f
   982     0771  01A1               	clrf	___aldiv@sign
   983     0772  0AA1               	incf	___aldiv@sign,f
   984     0773                     l223:
   985     0773  1FF7               	btfss	___aldiv@dividend+3,7
   986     0774  2F76               	goto	u301
   987     0775  2F77               	goto	u300
   988     0776                     u301:
   989     0776  2F86               	goto	l810
   990     0777                     u300:
   991     0777                     l806:
   992     0777  09F4               	comf	___aldiv@dividend,f
   993     0778  09F5               	comf	___aldiv@dividend+1,f
   994     0779  09F6               	comf	___aldiv@dividend+2,f
   995     077A  09F7               	comf	___aldiv@dividend+3,f
   996     077B  0AF4               	incf	___aldiv@dividend,f
   997     077C  1903               	skipnz
   998     077D  0AF5               	incf	___aldiv@dividend+1,f
   999     077E  1903               	skipnz
  1000     077F  0AF6               	incf	___aldiv@dividend+2,f
  1001     0780  1903               	skipnz
  1002     0781  0AF7               	incf	___aldiv@dividend+3,f
  1003     0782                     l808:
  1004     0782  3001               	movlw	1
  1005     0783  00F8               	movwf	??___aldiv
  1006     0784  0878               	movf	??___aldiv,w
  1007     0785  06A1               	xorwf	___aldiv@sign,f
  1008     0786                     l810:
  1009     0786  3000               	movlw	0
  1010     0787  00A5               	movwf	___aldiv@quotient+3
  1011     0788  3000               	movlw	0
  1012     0789  00A4               	movwf	___aldiv@quotient+2
  1013     078A  3000               	movlw	0
  1014     078B  00A3               	movwf	___aldiv@quotient+1
  1015     078C  3000               	movlw	0
  1016     078D  00A2               	movwf	___aldiv@quotient
  1017     078E                     l812:
  1018     078E  0873               	movf	___aldiv@divisor+3,w
  1019     078F  0472               	iorwf	___aldiv@divisor+2,w
  1020     0790  0471               	iorwf	___aldiv@divisor+1,w
  1021     0791  0470               	iorwf	___aldiv@divisor,w
  1022     0792  1903               	skipnz
  1023     0793  2F95               	goto	u311
  1024     0794  2F96               	goto	u310
  1025     0795                     u311:
  1026     0795  2FE3               	goto	l832
  1027     0796                     u310:
  1028     0796                     l814:
  1029     0796  01A0               	clrf	___aldiv@counter
  1030     0797  0AA0               	incf	___aldiv@counter,f
  1031     0798  2FA6               	goto	l818
  1032     0799                     l816:
  1033     0799  3001               	movlw	1
  1034     079A  00F8               	movwf	??___aldiv
  1035     079B                     u325:
  1036     079B  1003               	clrc
  1037     079C  0DF0               	rlf	___aldiv@divisor,f
  1038     079D  0DF1               	rlf	___aldiv@divisor+1,f
  1039     079E  0DF2               	rlf	___aldiv@divisor+2,f
  1040     079F  0DF3               	rlf	___aldiv@divisor+3,f
  1041     07A0  0BF8               	decfsz	??___aldiv,f
  1042     07A1  2F9B               	goto	u325
  1043     07A2  3001               	movlw	1
  1044     07A3  00F8               	movwf	??___aldiv
  1045     07A4  0878               	movf	??___aldiv,w
  1046     07A5  07A0               	addwf	___aldiv@counter,f
  1047     07A6                     l818:
  1048     07A6  1FF3               	btfss	___aldiv@divisor+3,7
  1049     07A7  2FA9               	goto	u331
  1050     07A8  2FAA               	goto	u330
  1051     07A9                     u331:
  1052     07A9  2F99               	goto	l816
  1053     07AA                     u330:
  1054     07AA                     l820:
  1055     07AA  3001               	movlw	1
  1056     07AB  00F8               	movwf	??___aldiv
  1057     07AC                     u345:
  1058     07AC  1003               	clrc
  1059     07AD  0DA2               	rlf	___aldiv@quotient,f
  1060     07AE  0DA3               	rlf	___aldiv@quotient+1,f
  1061     07AF  0DA4               	rlf	___aldiv@quotient+2,f
  1062     07B0  0DA5               	rlf	___aldiv@quotient+3,f
  1063     07B1  0BF8               	decfsz	??___aldiv,f
  1064     07B2  2FAC               	goto	u345
  1065     07B3                     l822:
  1066     07B3  0873               	movf	___aldiv@divisor+3,w
  1067     07B4  0277               	subwf	___aldiv@dividend+3,w
  1068     07B5  1D03               	skipz
  1069     07B6  2FC1               	goto	u355
  1070     07B7  0872               	movf	___aldiv@divisor+2,w
  1071     07B8  0276               	subwf	___aldiv@dividend+2,w
  1072     07B9  1D03               	skipz
  1073     07BA  2FC1               	goto	u355
  1074     07BB  0871               	movf	___aldiv@divisor+1,w
  1075     07BC  0275               	subwf	___aldiv@dividend+1,w
  1076     07BD  1D03               	skipz
  1077     07BE  2FC1               	goto	u355
  1078     07BF  0870               	movf	___aldiv@divisor,w
  1079     07C0  0274               	subwf	___aldiv@dividend,w
  1080     07C1                     u355:
  1081     07C1  1C03               	skipc
  1082     07C2  2FC4               	goto	u351
  1083     07C3  2FC5               	goto	u350
  1084     07C4                     u351:
  1085     07C4  2FD4               	goto	l828
  1086     07C5                     u350:
  1087     07C5                     l824:
  1088     07C5  0870               	movf	___aldiv@divisor,w
  1089     07C6  02F4               	subwf	___aldiv@dividend,f
  1090     07C7  0871               	movf	___aldiv@divisor+1,w
  1091     07C8  1C03               	skipc
  1092     07C9  0F71               	incfsz	___aldiv@divisor+1,w
  1093     07CA  02F5               	subwf	___aldiv@dividend+1,f
  1094     07CB  0872               	movf	___aldiv@divisor+2,w
  1095     07CC  1C03               	skipc
  1096     07CD  0F72               	incfsz	___aldiv@divisor+2,w
  1097     07CE  02F6               	subwf	___aldiv@dividend+2,f
  1098     07CF  0873               	movf	___aldiv@divisor+3,w
  1099     07D0  1C03               	skipc
  1100     07D1  0F73               	incfsz	___aldiv@divisor+3,w
  1101     07D2  02F7               	subwf	___aldiv@dividend+3,f
  1102     07D3                     l826:
  1103     07D3  1422               	bsf	___aldiv@quotient,0
  1104     07D4                     l828:
  1105     07D4  3001               	movlw	1
  1106     07D5                     u365:
  1107     07D5  1003               	clrc
  1108     07D6  0CF3               	rrf	___aldiv@divisor+3,f
  1109     07D7  0CF2               	rrf	___aldiv@divisor+2,f
  1110     07D8  0CF1               	rrf	___aldiv@divisor+1,f
  1111     07D9  0CF0               	rrf	___aldiv@divisor,f
  1112     07DA  3EFF               	addlw	-1
  1113     07DB  1D03               	skipz
  1114     07DC  2FD5               	goto	u365
  1115     07DD                     l830:
  1116     07DD  3001               	movlw	1
  1117     07DE  02A0               	subwf	___aldiv@counter,f
  1118     07DF  1D03               	btfss	3,2
  1119     07E0  2FE2               	goto	u371
  1120     07E1  2FE3               	goto	u370
  1121     07E2                     u371:
  1122     07E2  2FAA               	goto	l820
  1123     07E3                     u370:
  1124     07E3                     l832:
  1125     07E3  0821               	movf	___aldiv@sign,w
  1126     07E4  1903               	btfsc	3,2
  1127     07E5  2FE7               	goto	u381
  1128     07E6  2FE8               	goto	u380
  1129     07E7                     u381:
  1130     07E7  2FF3               	goto	l836
  1131     07E8                     u380:
  1132     07E8                     l834:
  1133     07E8  09A2               	comf	___aldiv@quotient,f
  1134     07E9  09A3               	comf	___aldiv@quotient+1,f
  1135     07EA  09A4               	comf	___aldiv@quotient+2,f
  1136     07EB  09A5               	comf	___aldiv@quotient+3,f
  1137     07EC  0AA2               	incf	___aldiv@quotient,f
  1138     07ED  1903               	skipnz
  1139     07EE  0AA3               	incf	___aldiv@quotient+1,f
  1140     07EF  1903               	skipnz
  1141     07F0  0AA4               	incf	___aldiv@quotient+2,f
  1142     07F1  1903               	skipnz
  1143     07F2  0AA5               	incf	___aldiv@quotient+3,f
  1144     07F3                     l836:
  1145     07F3  0825               	movf	___aldiv@quotient+3,w
  1146     07F4  00F3               	movwf	?___aldiv+3
  1147     07F5  0824               	movf	___aldiv@quotient+2,w
  1148     07F6  00F2               	movwf	?___aldiv+2
  1149     07F7  0823               	movf	___aldiv@quotient+1,w
  1150     07F8  00F1               	movwf	?___aldiv+1
  1151     07F9  0822               	movf	___aldiv@quotient,w
  1152     07FA  00F0               	movwf	?___aldiv
  1153     07FB                     l233:
  1154     07FB  0008               	return
  1155     07FC                     __end_of___aldiv:
  1156                           
  1157                           	psect	text6
  1158     0639                     __ptext6:	
  1159 ;; *************** function _ADC_Read *****************
  1160 ;; Defined at:
  1161 ;;		line 26 in file "car_dashboard_tx.c"
  1162 ;; Parameters:    Size  Location     Type
  1163 ;;		None
  1164 ;; Auto vars:     Size  Location     Type
  1165 ;;		None
  1166 ;; Return value:  Size  Location     Type
  1167 ;;                  2    0[COMMON] unsigned int 
  1168 ;; Registers used:
  1169 ;;		wreg
  1170 ;; Tracked objects:
  1171 ;;		On entry : 0/0
  1172 ;;		On exit  : 0/0
  1173 ;;		Unchanged: 0/0
  1174 ;; Data sizes:     COMMON   BANK0   BANK1   BANK3   BANK2
  1175 ;;      Params:         2       0       0       0       0
  1176 ;;      Locals:         0       0       0       0       0
  1177 ;;      Temps:          2       0       0       0       0
  1178 ;;      Totals:         4       0       0       0       0
  1179 ;;Total ram usage:        4 bytes
  1180 ;; Hardware stack levels used: 1
  1181 ;; This function calls:
  1182 ;;		Nothing
  1183 ;; This function is called by:
  1184 ;;		_main
  1185 ;; This function uses a non-reentrant model
  1186 ;;
  1187                           
  1188     0639                     _ADC_Read:	
  1189                           ;psect for function _ADC_Read
  1190                           
  1191     0639                     l846:	
  1192                           ;incstack = 0
  1193                           ; Regs used in _ADC_Read: [wreg]
  1194                           
  1195                           
  1196                           ;car_dashboard_tx.c: 28: 
  1197     0639  3001               	movlw	1
  1198     063A  1283               	bcf	3,5	;RP0=0, select bank0
  1199     063B  1303               	bcf	3,6	;RP1=0, select bank0
  1200     063C  009F               	movwf	31	;volatile
  1201                           
  1202                           ;car_dashboard_tx.c: 29:     temp = (long)adc * 100;
  1203     063D  3003               	movlw	3
  1204     063E  00F3               	movwf	??_ADC_Read+1
  1205     063F  3097               	movlw	151
  1206     0640  00F2               	movwf	??_ADC_Read
  1207     0641                     u487:
  1208     0641  0BF2               	decfsz	??_ADC_Read,f
  1209     0642  2E41               	goto	u487
  1210     0643  0BF3               	decfsz	??_ADC_Read+1,f
  1211     0644  2E41               	goto	u487
  1212     0645  2E46               	nop2
  1213     0646                     l848:
  1214                           
  1215                           ;car_dashboard_tx.c: 30:     temp = temp / 1022;
  1216     0646  1283               	bcf	3,5	;RP0=0, select bank0
  1217     0647  1303               	bcf	3,6	;RP1=0, select bank0
  1218     0648  149F               	bsf	31,1	;volatile
  1219     0649                     l52:	
  1220                           ;car_dashboard_tx.c: 31: 
  1221                           
  1222     0649  189F               	btfsc	31,1	;volatile
  1223     064A  2E4C               	goto	u401
  1224     064B  2E4D               	goto	u400
  1225     064C                     u401:
  1226     064C  2E49               	goto	l52
  1227     064D                     u400:
  1228     064D                     l850:
  1229                           
  1230                           ;car_dashboard_tx.c: 32:     return (unsigned char)temp;
  1231     064D  081E               	movf	30,w	;volatile
  1232     064E  00F1               	movwf	?_ADC_Read+1
  1233     064F  1683               	bsf	3,5	;RP0=1, select bank1
  1234     0650  1303               	bcf	3,6	;RP1=0, select bank1
  1235     0651  081E               	movf	30,w	;volatile
  1236     0652  00F0               	movwf	?_ADC_Read
  1237     0653                     l55:
  1238     0653  0008               	return
  1239     0654                     __end_of_ADC_Read:
  1240     007E                     btemp	set	126	;btemp
  1241     007E                     wtemp0	set	126
  1242                           
  1243                           	psect	idloc
  1244                           
  1245                           ;Config register IDLOC0 @ 0x2000
  1246                           ;	unspecified, using default values
  1247     2000                     	org	8192
  1248     2000  3FFF               	dw	16383
  1249                           
  1250                           ;Config register IDLOC1 @ 0x2001
  1251                           ;	unspecified, using default values
  1252     2001                     	org	8193
  1253     2001  3FFF               	dw	16383
  1254                           
  1255                           ;Config register IDLOC2 @ 0x2002
  1256                           ;	unspecified, using default values
  1257     2002                     	org	8194
  1258     2002  3FFF               	dw	16383
  1259                           
  1260                           ;Config register IDLOC3 @ 0x2003
  1261                           ;	unspecified, using default values
  1262     2003                     	org	8195
  1263     2003  3FFF               	dw	16383
  1264                           
  1265                           	psect	config
  1266                           
  1267                           ;Config register CONFIG1 @ 0x2007
  1268                           ;	Oscillator Selection bits
  1269                           ;	FOSC = INTRC_NOCLKOUT, INTOSCIO oscillator: I/O function on RA6/OSC2/CLKOUT pin, I/O f
      +                          unction on RA7/OSC1/CLKIN
  1270                           ;	Watchdog Timer Enable bit
  1271                           ;	WDTE = OFF, WDT disabled and can be enabled by SWDTEN bit of the WDTCON register
  1272                           ;	Power-up Timer Enable bit
  1273                           ;	PWRTE = ON, PWRT enabled
  1274                           ;	RE3/MCLR pin function select bit
  1275                           ;	MCLRE = ON, RE3/MCLR pin function is MCLR
  1276                           ;	Code Protection bit
  1277                           ;	CP = OFF, Program memory code protection is disabled
  1278                           ;	Data Code Protection bit
  1279                           ;	CPD = OFF, Data memory code protection is disabled
  1280                           ;	Brown Out Reset Selection bits
  1281                           ;	BOREN = ON, BOR enabled
  1282                           ;	Internal External Switchover bit
  1283                           ;	IESO = OFF, Internal/External Switchover mode is disabled
  1284                           ;	Fail-Safe Clock Monitor Enabled bit
  1285                           ;	FCMEN = OFF, Fail-Safe Clock Monitor is disabled
  1286                           ;	Low Voltage Programming Enable bit
  1287                           ;	LVP = OFF, RB3 pin has digital I/O, HV on MCLR must be used for programming
  1288                           ;	In-Circuit Debugger Mode bit
  1289                           ;	DEBUG = 0x1, unprogrammed default
  1290     2007                     	org	8199
  1291     2007  23E4               	dw	9188
  1292                           
  1293                           ;Config register CONFIG2 @ 0x2008
  1294                           ;	unspecified, using default values
  1295                           ;	Brown-out Reset Selection bit
  1296                           ;	BOR4V = 0x1, unprogrammed default
  1297                           ;	Flash Program Memory Self Write Enable bits
  1298                           ;	WRT = 0x3, unprogrammed default
  1299     2008                     	org	8200
  1300     2008  3FFF               	dw	16383

Data Sizes:
    Strings     0
    Constant    0
    Data        0
    BSS         0
    Persistent  0
    Stack       0

Auto Spaces:
    Space          Size  Autos    Used
    COMMON           14     13      13
    BANK0            80     19      19
    BANK1            80      0       0
    BANK3            96      0       0
    BANK2            96      0       0

Pointer List with Targets:

    None.

Critical Paths under _main in COMMON

    _ADC_to_Fuel_Percent->___lmul

Critical Paths under _main in BANK0

    _main->_ADC_to_Fuel_Percent
    _ADC_to_Fuel_Percent->___aldiv

Critical Paths under _main in BANK1

    None.

Critical Paths under _main in BANK3

    None.

Critical Paths under _main in BANK2

    None.

Call Graph Tables:

 ---------------------------------------------------------------------------------
 (Depth) Function   	        Calls       Base Space   Used Autos Params    Refs
 ---------------------------------------------------------------------------------
 (0) _main                                                 7     7      0     979
                                             12 BANK0      7     7      0
                           _ADC_Read
                _ADC_to_Fuel_Percent
                          _UART_Init
                            _UART_Tx
 ---------------------------------------------------------------------------------
 (1) _UART_Tx                                              1     1      0      22
                                              0 COMMON     1     1      0
 ---------------------------------------------------------------------------------
 (1) _UART_Init                                            0     0      0       0
 ---------------------------------------------------------------------------------
 (1) _ADC_to_Fuel_Percent                                  6     4      2     884
                                              6 BANK0      6     4      2
                            ___aldiv
                             ___lmul
 ---------------------------------------------------------------------------------
 (2) ___lmul                                              13     5      8     244
                                              0 COMMON    13     5      8
 ---------------------------------------------------------------------------------
 (2) ___aldiv                                             15     7      8     452
                                              0 COMMON     9     1      8
                                              0 BANK0      6     6      0
 ---------------------------------------------------------------------------------
 (1) _ADC_Read                                             4     2      2       0
                                              0 COMMON     4     2      2
 ---------------------------------------------------------------------------------
 Estimated maximum stack depth 2
 ---------------------------------------------------------------------------------

 Call Graph Graphs:

 _main (ROOT)
   _ADC_Read
   _ADC_to_Fuel_Percent
     ___aldiv
     ___lmul
   _UART_Init
   _UART_Tx

 Address spaces:
Name               Size   Autos  Total    Cost      Usage
BITCOMMON            E      0       0       0        0.0%
EEDATA             100      0       0       0        0.0%
NULL                 0      0       0       0        0.0%
CODE                 0      0       0       0        0.0%
COMMON               E      D       D       1       92.9%
BITSFR0              0      0       0       1        0.0%
SFR0                 0      0       0       1        0.0%
BITSFR1              0      0       0       2        0.0%
SFR1                 0      0       0       2        0.0%
STACK                0      0       0       2        0.0%
ABS                  0      0       0       3        0.0%
BITBANK0            50      0       0       4        0.0%
BITSFR3              0      0       0       4        0.0%
SFR3                 0      0       0       4        0.0%
BANK0               50     13      13       5       23.8%
BITSFR2              0      0       0       5        0.0%
SFR2                 0      0       0       5        0.0%
BITBANK1            50      0       0       6        0.0%
BANK1               50      0       0       7        0.0%
BITBANK3            60      0       0       8        0.0%
BANK3               60      0       0       9        0.0%
BITBANK2            60      0       0      10        0.0%
BANK2               60      0       0      11        0.0%
DATA                 0      0       0      12        0.0%


Microchip Technology PIC Macro Assembler V2.40 build 20220703182018 
Symbol Table                                                                                   Wed Jan 21 10:37:11 2026

                         l43 0638                           l52 0649                           l46 0623  
                         l55 0653                           l49 062B                           l66 06B4  
                         l59 075E                           l67 06B9                           l68 06BE  
                        l223 0773                          l233 07FB                          l172 0699  
                        l800 075F                          l810 0786                          l802 0762  
                        l820 07AA                          l812 078E                          l804 0766  
                        l900 06CE                          l830 07DD                          l822 07B3  
                        l814 0796                          l806 0777                          l902 06DA  
                        l824 07C5                          l816 0799                          l832 07E3  
                        l808 0782                          l840 062C                          l904 06E0  
                        l850 064D                          l834 07E8                          l826 07D3  
                        l818 07A6                          l842 0623                          l906 06E8  
                        l836 07F3                          l828 07D4                          l860 070B  
                        l844 0629                          l846 0639                          l790 0660  
                        l862 071A                          l854 06FA                          l848 0646  
                        l792 0677                          l856 0709                          l880 06A4  
                        l872 069A                          l794 0680                          l786 0654  
                        l866 071C                          l890 06B3                          l882 06A5  
                        l874 069E                          l796 0691                          l788 065C  
                        l868 075D                          l892 06B8                          l884 06A7  
                        l876 069F                          l894 06BD                          l886 06AC  
                        l878 06A3                          l896 06C2                          l888 06AF  
                        l898 06C3                          _RA1 0029                          _RA2 002A  
                        _RA3 002B                          _RA4 002C                          u300 0777  
                        u301 0776                          u310 0796                          u311 0795  
                        u400 064D                          u240 0660                          u401 064C  
                        u241 065F                          u330 07AA                          u410 0709  
                        u331 07A9                          u251 0669                          u411 0708  
                        u252 0670                          u420 071A                          u325 079B  
                        u253 0677                          u421 0719                          u350 07C5  
                        u430 06B3                          u351 07C4                          u415 0705  
                        u431 06B2                          u280 0691                          u440 06B8  
                        u345 07AC                          u281 0690                          u265 0679  
                        u425 0716                          u441 06B7                          u370 07E3  
                        u290 0766                          u450 06BD                          u371 07E2  
                        u355 07C1                          u291 0765                          u275 0681  
                        u451 06BC                          u380 07E8                          u460 06C2  
                        u381 07E7                          u365 07D5                          u461 06C1  
                        u390 0629                          u391 0628                          u477 06F0  
                        u487 0641                         _TXIF 0064              __end_of_UART_Tx 062C  
                       _main 069A                         btemp 007E             __end_of_ADC_Read 0654  
                       start 0000              __end_of___aldiv 07FC                        ?_main 0070  
                      _ANSEL 0188                        _RCSTA 0018                        _SPBRG 0099  
                      _TRISA 0085                        _TXREG 0019                        _TXSTA 0098  
        ___lmul@multiplicand 0074                        status 0003                        wtemp0 007E  
            __initialization 07FC                 __end_of_main 06FA                       ??_main 002C  
                  ??_UART_Tx 0070                       _ADCON0 001F                       _ADCON1 009F  
                     _ADRESH 001E                       _ADRESL 009E                       _ANSELH 0189  
                     _TRISC6 043E                       _TRISC7 043F            __end_of_UART_Init 0639  
                     ___lmul 0654                    ??___aldiv 0078                    ?_ADC_Read 0070  
    __end_of__initialization 07FC               __pcstackCOMMON 0070                   ??_ADC_Read 0072  
                 __pmaintext 069A                      ?___lmul 0070               ___lmul@product 0079  
        _ADC_to_Fuel_Percent 06FA                      _UART_Tx 0622         ?_ADC_to_Fuel_Percent 0026  
                    ___aldiv 075F                      __ptext1 0622                      __ptext2 062C  
                    __ptext3 06FA                      __ptext4 0654                      __ptext5 075F  
                    __ptext6 0639             ___aldiv@dividend 0074                      main@adc 002F  
       end_of_initialization 07FC        ??_ADC_to_Fuel_Percent 007D             ___aldiv@quotient 0022  
                  _UART_Init 062C               __end_of___lmul 069A                   ?_UART_Init 0070  
        start_initialization 07FC                     ??___lmul 0078                    ___latbits 0002  
              __pcstackBANK0 0020                     ?_UART_Tx 0070                     ?___aldiv 0070  
                   UART_Tx@d 0070                  ??_UART_Init 0070                     _ADC_Read 0639  
            ___aldiv@divisor 0070              ___aldiv@counter 0020                     _GO_nDONE 00F9  
                  main@doors 0032  __end_of_ADC_to_Fuel_Percent 075F            ___lmul@multiplier 0070  
                   main@fuel 0031      ADC_to_Fuel_Percent@temp 0028       ADC_to_Fuel_Percent@adc 0026  
               ___aldiv@sign 0021  
